<?xml version="1.0" encoding="UTF-8"?>
<!-- Generated by org.testng.reporters.JUnitReportReporter -->
<testsuite hostname="DESKTOP-UMSRJLA" failures="0" tests="1"
	name="TestLayer.DashboardPageTest" time="19.426" errors="0"
	timestamp="2023-02-04T15:37:19 IST" skipped="0">
	<testcase classname="TestLayer.DashboardPageTest"
		name="dashbordLogin" time="19.426" />
</testsuite> <!-- TestLayer.DashboardPageTest -->
